<?xml version="1.0" encoding="utf-8"?><testsuites name="pytest tests"><testsuite name="pytest" errors="0" failures="0" skipped="0" tests="20" time="38.643" timestamp="2026-03-05T21:03:03.707510+00:00" hostname="agent-env-ae6c7e47-3dc4-406b-9611-f84e99760801"><testcase classname="backend.tests.test_new_features.TestRailwayIntegration" name="test_railway_projects_invalid_token" time="0.328" /><testcase classname="backend.tests.test_new_features.TestRailwayIntegration" name="test_railway_services_invalid_token" time="0.236" /><testcase classname="backend.tests.test_new_features.TestRailwayIntegration" name="test_railway_deploy_endpoint_exists" time="0.165" /><testcase classname="backend.tests.test_new_features.TestPostgreSQLIntegration" name="test_postgres_connect_invalid_connection" time="0.130" /><testcase classname="backend.tests.test_new_features.TestPostgreSQLIntegration" name="test_postgres_tables_invalid_connection" time="0.128" /><testcase classname="backend.tests.test_new_features.TestPostgreSQLIntegration" name="test_postgres_query_invalid_connection" time="0.120" /><testcase classname="backend.tests.test_new_features.TestPostgreSQLIntegration" name="test_postgres_schema_invalid_connection" time="0.130" /><testcase classname="backend.tests.test_new_features.TestRedisIntegration" name="test_redis_connect_invalid_host" time="2.198" /><testcase classname="backend.tests.test_new_features.TestRedisIntegration" name="test_redis_keys_invalid_connection" time="5.992" /><testcase classname="backend.tests.test_new_features.TestRedisIntegration" name="test_redis_get_invalid_connection" time="6.666" /><testcase classname="backend.tests.test_new_features.TestRedisIntegration" name="test_redis_set_invalid_connection" time="12.398" /><testcase classname="backend.tests.test_new_features.TestRedisIntegration" name="test_redis_delete_invalid_connection" time="8.131" /><testcase classname="backend.tests.test_new_features.TestFixLoopFeature" name="test_fixloop_start_valid_url" time="0.267" /><testcase classname="backend.tests.test_new_features.TestFixLoopFeature" name="test_fixloop_start_invalid_url" time="0.633" /><testcase classname="backend.tests.test_new_features.TestFixLoopFeature" name="test_fixloop_sessions" time="0.126" /><testcase classname="backend.tests.test_new_features.TestTesterAgentFeature" name="test_tester_run_smoke_test" time="0.178" /><testcase classname="backend.tests.test_new_features.TestTesterAgentFeature" name="test_tester_run_api_test" time="0.324" /><testcase classname="backend.tests.test_new_features.TestTesterAgentFeature" name="test_tester_generate" time="0.115" /><testcase classname="backend.tests.test_new_features.TestTesterAgentFeature" name="test_tester_history" time="0.127" /><testcase classname="backend.tests.test_new_features.TestHealthEndpoint" name="test_health_endpoint" time="0.177" /></testsuite></testsuites>