<?xml version="1.0" encoding="utf-8"?><testsuites name="pytest tests"><testsuite name="pytest" errors="0" failures="0" skipped="0" tests="14" time="2.814" timestamp="2026-03-05T20:34:41.429282+00:00" hostname="agent-env-ae6c7e47-3dc4-406b-9611-f84e99760801"><testcase classname="backend.tests.test_mini_assistant.TestHealthEndpoints" name="test_health_endpoint" time="0.157" /><testcase classname="backend.tests.test_mini_assistant.TestSecurityScanner" name="test_security_scan_with_eval" time="0.110" /><testcase classname="backend.tests.test_mini_assistant.TestSecurityScanner" name="test_security_scan_clean_code" time="0.145" /><testcase classname="backend.tests.test_mini_assistant.TestSecurityScanner" name="test_security_scan_multiple_vulnerabilities" time="0.132" /><testcase classname="backend.tests.test_mini_assistant.TestPerformanceMonitor" name="test_performance_metrics" time="1.102" /><testcase classname="backend.tests.test_mini_assistant.TestDeployment" name="test_deploy_vercel" time="0.120" /><testcase classname="backend.tests.test_mini_assistant.TestDeployment" name="test_deploy_netlify" time="0.133" /><testcase classname="backend.tests.test_mini_assistant.TestDockerManagement" name="test_list_containers" time="0.137" /><testcase classname="backend.tests.test_mini_assistant.TestChatSummarize" name="test_summarize_empty_messages" time="0.114" /><testcase classname="backend.tests.test_mini_assistant.TestChatSummarize" name="test_summarize_with_messages" time="0.126" /><testcase classname="backend.tests.test_mini_assistant.TestExistingEndpoints" name="test_chat_endpoint_without_ollama" time="0.114" /><testcase classname="backend.tests.test_mini_assistant.TestExistingEndpoints" name="test_files_list" time="0.127" /><testcase classname="backend.tests.test_mini_assistant.TestExistingEndpoints" name="test_git_status" time="0.109" /><testcase classname="backend.tests.test_mini_assistant.TestExistingEndpoints" name="test_snippets_list" time="0.123" /></testsuite></testsuites>